<?xml version="1.0" encoding="UTF-8"?>
<!-- Generated by org.testng.reporters.JUnitXMLReporter -->
<testsuite hostname="X390" ignored="0" name="Test" tests="3" failures="1" timestamp="2020-12-21T17:16:03 EST" time="14.847" errors="0">
  <testcase name="logoPresence" time="0.119" classname="allure.allureId.one"/>
  <testcase name="loginTest" time="4.989" classname="allure.allureId.one">
    <failure type="java.lang.AssertionError" message="expected [nopCommerce demo store123] but found [Search - My Store]">
      <![CDATA[java.lang.AssertionError: expected [nopCommerce demo store123] but found [Search - My Store]
at allure.allureId.one.loginTest(one.java:66)
at java.util.ArrayList.forEach(Unknown Source)
... Removed 33 stack frames]]>
    </failure>
  </testcase> <!-- loginTest -->
  <testcase name="registrationTest" time="0.003" classname="allure.allureId.one">
    <skipped/>
  </testcase> <!-- registrationTest -->
</testsuite> <!-- Test -->
